<?xml version="1.0" encoding="UTF-8"?>
<!-- Generated by org.testng.reporters.JUnitXMLReporter -->
<testsuite hostname="WB056601251" name="Default test" tests="4" failures="0" timestamp="18 Apr 2015 20:10:38 GMT" time="23.788" errors="0">
  <testcase name="testEmptyGroupCreation" time="3.001" classname="com.example.tests.AlsofGroupCreationTests"/>
  <testcase name="testNonEmptyGroupCreation" time="2.909" classname="com.example.tests.AlsofGroupCreationTests"/>
  <testcase name="testEmptyGroupCreation" time="2.709" classname="com.example.tests.GroupCreationTests"/>
  <testcase name="testNonEmptyGroupCreation" time="3.201" classname="com.example.tests.GroupCreationTests"/>
</testsuite> <!-- Default test -->
