<?xml version="1.0" encoding="UTF-8"?>
<!-- Generated by org.testng.reporters.JUnitXMLReporter -->
<testsuite hostname="WB056601251" name="Default test" tests="4" failures="0" timestamp="19 Apr 2015 15:42:59 GMT" time="30.47" errors="0">
  <testcase name="EmptyContactCreation" time="7.54" classname="com.example.tests.AlsofGroupCreationTests"/>
  <testcase name="nonEmptyContactCreation" time="7.015" classname="com.example.tests.AlsofGroupCreationTests"/>
  <testcase name="testEmptyGroupCreation" time="3.301" classname="com.example.tests.GroupCreationTests"/>
  <testcase name="testNonEmptyGroupCreation" time="2.937" classname="com.example.tests.GroupCreationTests"/>
</testsuite> <!-- Default test -->
