<?xml version="1.0" encoding="UTF-8"?>
<testng-results skipped="0" failed="0" total="2" passed="2">
  <reporter-output>
  </reporter-output>
  <suite name="Default suite" duration-ms="22864" started-at="2015-04-19T15:22:44Z" finished-at="2015-04-19T15:23:07Z">
    <groups>
    </groups>
    <test name="Default test" duration-ms="22864" started-at="2015-04-19T15:22:44Z" finished-at="2015-04-19T15:23:07Z">
      <class name="com.example.tests.ContactCreationTests">
        <test-method status="PASS" signature="setUp()[pri:0, instance:com.example.tests.ContactCreationTests@117c323d]" name="setUp" is-config="true" duration-ms="9248" started-at="2015-04-19T18:22:44Z" finished-at="2015-04-19T18:22:53Z">
          <reporter-output>
          </reporter-output>
        </test-method> <!-- setUp -->
        <test-method status="PASS" signature="EmptyContactCreation()[pri:0, instance:com.example.tests.ContactCreationTests@117c323d]" name="EmptyContactCreation" duration-ms="6606" started-at="2015-04-19T18:22:53Z" finished-at="2015-04-19T18:23:00Z">
          <reporter-output>
          </reporter-output>
        </test-method> <!-- EmptyContactCreation -->
        <test-method status="PASS" signature="nonEmptyContactCreation()[pri:0, instance:com.example.tests.ContactCreationTests@117c323d]" name="nonEmptyContactCreation" duration-ms="6987" started-at="2015-04-19T18:23:00Z" finished-at="2015-04-19T18:23:07Z">
          <reporter-output>
          </reporter-output>
        </test-method> <!-- nonEmptyContactCreation -->
        <test-method status="FAIL" signature="tearDown()[pri:0, instance:com.example.tests.ContactCreationTests@117c323d]" name="tearDown" is-config="true" duration-ms="0" started-at="2015-04-19T18:23:07Z" finished-at="2015-04-19T18:23:07Z">
          <exception class="java.lang.Error">
            <message>
              <![CDATA[Unresolved compilation problem: 
	The method fail(String) is undefined for the type ContactCreationTests
]]>
            </message>
            <full-stacktrace>
              <![CDATA[java.lang.Error: Unresolved compilation problem: 
	The method fail(String) is undefined for the type ContactCreationTests

	at com.example.tests.ContactCreationTests.tearDown(ContactCreationTests.java:123)
	at sun.reflect.NativeMethodAccessorImpl.invoke0(Native Method)
	at sun.reflect.NativeMethodAccessorImpl.invoke(Unknown Source)
	at sun.reflect.DelegatingMethodAccessorImpl.invoke(Unknown Source)
	at java.lang.reflect.Method.invoke(Unknown Source)
	at org.testng.internal.MethodInvocationHelper.invokeMethod(MethodInvocationHelper.java:84)
	at org.testng.internal.Invoker.invokeConfigurationMethod(Invoker.java:564)
	at org.testng.internal.Invoker.invokeConfigurations(Invoker.java:213)
	at org.testng.internal.Invoker.invokeConfigurations(Invoker.java:138)
	at org.testng.internal.TestMethodWorker.invokeAfterClassMethods(TestMethodWorker.java:225)
	at org.testng.internal.TestMethodWorker.run(TestMethodWorker.java:114)
	at org.testng.TestRunner.privateRun(TestRunner.java:767)
	at org.testng.TestRunner.run(TestRunner.java:617)
	at org.testng.SuiteRunner.runTest(SuiteRunner.java:334)
	at org.testng.SuiteRunner.runSequentially(SuiteRunner.java:329)
	at org.testng.SuiteRunner.privateRun(SuiteRunner.java:291)
	at org.testng.SuiteRunner.run(SuiteRunner.java:240)
	at org.testng.SuiteRunnerWorker.runSuite(SuiteRunnerWorker.java:52)
	at org.testng.SuiteRunnerWorker.run(SuiteRunnerWorker.java:86)
	at org.testng.TestNG.runSuitesSequentially(TestNG.java:1224)
	at org.testng.TestNG.runSuitesLocally(TestNG.java:1149)
	at org.testng.TestNG.run(TestNG.java:1057)
	at org.testng.remote.RemoteTestNG.run(RemoteTestNG.java:111)
	at org.testng.remote.RemoteTestNG.initAndRun(RemoteTestNG.java:204)
	at org.testng.remote.RemoteTestNG.main(RemoteTestNG.java:175)
]]>
            </full-stacktrace>
          </exception> <!-- java.lang.Error -->
          <reporter-output>
          </reporter-output>
        </test-method> <!-- tearDown -->
      </class> <!-- com.example.tests.ContactCreationTests -->
    </test> <!-- Default test -->
  </suite> <!-- Default suite -->
</testng-results>
